<?xml version="1.0" encoding="UTF-8"?>
<!-- Generated by org.testng.reporters.JUnitReportReporter -->
<testsuite hostname="DESKTOP-LSGOB1L" failures="0" tests="2" name="tests.GetAndPostExamples" time="1.818" errors="0" timestamp="2024-07-11T18:03:31 TRT" skipped="0">
  <testcase classname="tests.GetAndPostExamples" name="testPost" time="0.293"/>
  <testcase classname="tests.GetAndPostExamples" name="testGet" time="1.525"/>
</testsuite> <!-- tests.GetAndPostExamples -->
