<?xml version="1.0" encoding="UTF-8"?>
<!-- Generated by org.testng.reporters.JUnitReportReporter -->
<testsuite hostname="DESKTOP-LSGOB1L" failures="0" tests="2" name="tests.TestExamples" time="1.645" errors="0" timestamp="2024-07-11T15:32:23 TRT" skipped="0">
  <testcase classname="tests.TestExamples" name="test_get" time="1.128"/>
  <testcase classname="tests.TestExamples" name="test_get_two" time="0.517"/>
</testsuite> <!-- tests.TestExamples -->
